0 info it worked if it ends with ok
1 verbose cli [ '/usr/bin/node', '/usr/bin/npm', 'install', 'socket.io' ]
2 info using npm@1.2.25
3 info using node@v0.10.10
4 verbose node symlink /usr/bin/node
5 verbose read json /home/tymek/workspace/tsw/package.json
6 warn package.json RPG game@0.0.1 No repository field.
7 error Error: Invalid name: "RPG game"
7 error     at ensureValidName (/usr/lib/node_modules/npm/node_modules/read-package-json/node_modules/normalize-package-data/lib/fixer.js:179:15)
7 error     at Object.module.exports.fixNameField (/usr/lib/node_modules/npm/node_modules/read-package-json/node_modules/normalize-package-data/lib/fixer.js:104:5)
7 error     at /usr/lib/node_modules/npm/node_modules/read-package-json/node_modules/normalize-package-data/lib/normalize.js:28:38
7 error     at Array.forEach (native)
7 error     at normalize (/usr/lib/node_modules/npm/node_modules/read-package-json/node_modules/normalize-package-data/lib/normalize.js:27:15)
7 error     at final (/usr/lib/node_modules/npm/node_modules/read-package-json/read-json.js:304:33)
7 error     at then (/usr/lib/node_modules/npm/node_modules/read-package-json/read-json.js:118:48)
7 error     at /usr/lib/node_modules/npm/node_modules/read-package-json/read-json.js:293:40
7 error     at fs.js:266:14
7 error     at Object.oncomplete (fs.js:107:15)
8 error If you need help, you may report this log at:
8 error     <http://github.com/isaacs/npm/issues>
8 error or email it to:
8 error     <npm-@googlegroups.com>
9 error System Linux 3.5.0-32-generic
10 error command "/usr/bin/node" "/usr/bin/npm" "install" "socket.io"
11 error cwd /home/tymek/workspace/tsw
12 error node -v v0.10.10
13 error npm -v 1.2.25
14 verbose exit [ 1, true ]
